14-Nov-2024 14:03:19.117 SEVERE [http-nio-8080-exec-2] org.apache.catalina.core.StandardWrapperValve.invoke Servlet.service() for servlet [jsp] in context with path [/FirstPage-00] threw exception [/customTag.jsp (line: [7], column: [4]) Unable to find setter method for attribute: [color]] with root cause
	org.apache.jasper.JasperException: /customTag.jsp (line: [7], column: [4]) Unable to find setter method for attribute: [color]
		at org.apache.jasper.compiler.DefaultErrorHandler.jspError(DefaultErrorHandler.java:32)
		at org.apache.jasper.compiler.ErrorDispatcher.dispatch(ErrorDispatcher.java:299)
		at org.apache.jasper.compiler.ErrorDispatcher.jspError(ErrorDispatcher.java:116)
		at org.apache.jasper.compiler.Generator$GenerateVisitor.evaluateAttribute(Generator.java:3008)
		at org.apache.jasper.compiler.Generator$GenerateVisitor.generateSetters(Generator.java:3224)
		at org.apache.jasper.compiler.Generator$GenerateVisitor.generateCustomStart(Generator.java:2415)
		at org.apache.jasper.compiler.Generator$GenerateVisitor.visit(Generator.java:1908)
		at org.apache.jasper.compiler.Node$CustomTag.accept(Node.java:1554)
		at org.apache.jasper.compiler.Node$Nodes.visit(Node.java:2381)
		at org.apache.jasper.compiler.Node$Visitor.visitBody(Node.java:2437)
		at org.apache.jasper.compiler.Node$Visitor.visit(Node.java:2443)
		at org.apache.jasper.compiler.Node$Root.accept(Node.java:467)
		at org.apache.jasper.compiler.Node$Nodes.visit(Node.java:2381)
		at org.apache.jasper.compiler.Generator.generate(Generator.java:3588)
		at org.apache.jasper.compiler.Compiler.generateJava(Compiler.java:258)
		at org.apache.jasper.compiler.Compiler.compile(Compiler.java:392)
		at org.apache.jasper.compiler.Compiler.compile(Compiler.java:368)
		at org.apache.jasper.compiler.Compiler.compile(Compiler.java:352)
		at org.apache.jasper.JspCompilationContext.compile(JspCompilationContext.java:603)
		at org.apache.jasper.servlet.JspServletWrapper.service(JspServletWrapper.java:399)
		at org.apache.jasper.servlet.JspServlet.serviceJspFile(JspServlet.java:376)
		at org.apache.jasper.servlet.JspServlet.service(JspServlet.java:324)
		at javax.servlet.http.HttpServlet.service(HttpServlet.java:623)
		at org.apache.catalina.core.ApplicationFilterChain.internalDoFilter(ApplicationFilterChain.java:199)
		at org.apache.catalina.core.ApplicationFilterChain.doFilter(ApplicationFilterChain.java:144)
		at org.apache.tomcat.websocket.server.WsFilter.doFilter(WsFilter.java:51)
		at org.apache.catalina.core.ApplicationFilterChain.internalDoFilter(ApplicationFilterChain.java:168)
		at org.apache.catalina.core.ApplicationFilterChain.doFilter(ApplicationFilterChain.java:144)
		at org.apache.catalina.core.StandardWrapperValve.invoke(StandardWrapperValve.java:168)
		at org.apache.catalina.core.StandardContextValve.invoke(StandardContextValve.java:90)
		at org.apache.catalina.authenticator.AuthenticatorBase.invoke(AuthenticatorBase.java:482)
		at org.apache.catalina.core.StandardHostValve.invoke(StandardHostValve.java:130)
		at org.apache.catalina.valves.ErrorReportValve.invoke(ErrorReportValve.java:93)
		at org.apache.catalina.valves.AbstractAccessLogValve.invoke(AbstractAccessLogValve.java:660)
		at org.apache.catalina.core.StandardEngineValve.invoke(StandardEngineValve.java:74)
		at org.apache.catalina.connector.CoyoteAdapter.service(CoyoteAdapter.java:346)
		at org.apache.coyote.http11.Http11Processor.service(Http11Processor.java:383)
		at org.apache.coyote.AbstractProcessorLight.process(AbstractProcessorLight.java:63)
		at org.apache.coyote.AbstractProtocol$ConnectionHandler.process(AbstractProtocol.java:937)
		at org.apache.tomcat.util.net.NioEndpoint$SocketProcessor.doRun(NioEndpoint.java:1791)
		at org.apache.tomcat.util.net.SocketProcessorBase.run(SocketProcessorBase.java:52)
		at org.apache.tomcat.util.threads.ThreadPoolExecutor.runWorker(ThreadPoolExecutor.java:1190)
		at org.apache.tomcat.util.threads.ThreadPoolExecutor$Worker.run(ThreadPoolExecutor.java:659)
		at org.apache.tomcat.util.threads.TaskThread$WrappingRunnable.run(TaskThread.java:63)
		at java.base/java.lang.Thread.run(Thread.java:833)
