06-Nov-2024 10:58:03.814 INFO [main] org.apache.catalina.startup.VersionLoggerListener.log Server version name:   Apache Tomcat/9.0.96
06-Nov-2024 10:58:03.818 INFO [main] org.apache.catalina.startup.VersionLoggerListener.log Server built:          Oct 3 2024 19:44:30 UTC
06-Nov-2024 10:58:03.819 INFO [main] org.apache.catalina.startup.VersionLoggerListener.log Server version number: 9.0.96.0
06-Nov-2024 10:58:03.819 INFO [main] org.apache.catalina.startup.VersionLoggerListener.log OS Name:               Windows 11
06-Nov-2024 10:58:03.819 INFO [main] org.apache.catalina.startup.VersionLoggerListener.log OS Version:            10.0
06-Nov-2024 10:58:03.819 INFO [main] org.apache.catalina.startup.VersionLoggerListener.log Architecture:          amd64
06-Nov-2024 10:58:03.819 INFO [main] org.apache.catalina.startup.VersionLoggerListener.log Java Home:             C:\Program Files\Amazon Corretto\jdk17.0.5_8
06-Nov-2024 10:58:03.820 INFO [main] org.apache.catalina.startup.VersionLoggerListener.log JVM Version:           17.0.5+8-LTS
06-Nov-2024 10:58:03.820 INFO [main] org.apache.catalina.startup.VersionLoggerListener.log JVM Vendor:            Amazon.com Inc.
06-Nov-2024 10:58:03.820 INFO [main] org.apache.catalina.startup.VersionLoggerListener.log CATALINA_BASE:         C:\Desktop\yt\servlet_and_jsp\RegistrationForm-05
06-Nov-2024 10:58:03.821 INFO [main] org.apache.catalina.startup.VersionLoggerListener.log CATALINA_HOME:         C:\Users\Omkumar Tyagi\Downloads\apache-tomcat-9.0.96-windows-x64\apache-tomcat-9.0.96
06-Nov-2024 10:58:03.841 INFO [main] org.apache.catalina.startup.VersionLoggerListener.log Command line argument: --add-opens=java.base/java.lang=ALL-UNNAMED
06-Nov-2024 10:58:03.841 INFO [main] org.apache.catalina.startup.VersionLoggerListener.log Command line argument: --add-opens=java.base/java.io=ALL-UNNAMED
06-Nov-2024 10:58:03.842 INFO [main] org.apache.catalina.startup.VersionLoggerListener.log Command line argument: --add-opens=java.base/java.util=ALL-UNNAMED
06-Nov-2024 10:58:03.843 INFO [main] org.apache.catalina.startup.VersionLoggerListener.log Command line argument: --add-opens=java.base/java.util.concurrent=ALL-UNNAMED
06-Nov-2024 10:58:03.844 INFO [main] org.apache.catalina.startup.VersionLoggerListener.log Command line argument: --add-opens=java.rmi/sun.rmi.transport=ALL-UNNAMED
06-Nov-2024 10:58:03.844 INFO [main] org.apache.catalina.startup.VersionLoggerListener.log Command line argument: -Dcatalina.home=C:\Users\Omkumar Tyagi\Downloads\apache-tomcat-9.0.96-windows-x64\apache-tomcat-9.0.96
06-Nov-2024 10:58:03.845 INFO [main] org.apache.catalina.startup.VersionLoggerListener.log Command line argument: -Dcatalina.base=C:\Desktop\yt\servlet_and_jsp\RegistrationForm-05
06-Nov-2024 10:58:03.845 INFO [main] org.apache.catalina.startup.VersionLoggerListener.log Command line argument: -Djava.io.tmpdir=C:\Desktop\yt\servlet_and_jsp\RegistrationForm-05\temp
06-Nov-2024 10:58:03.846 INFO [main] org.apache.catalina.startup.VersionLoggerListener.log Command line argument: -Djava.util.logging.config.file=C:\Desktop\yt\servlet_and_jsp\RegistrationForm-05\conf\logging.properties
06-Nov-2024 10:58:03.846 INFO [main] org.apache.catalina.startup.VersionLoggerListener.log Command line argument: -Djava.util.logging.manager=org.apache.juli.ClassLoaderLogManager
06-Nov-2024 10:58:03.846 INFO [main] org.apache.catalina.startup.VersionLoggerListener.log Command line argument: -javaagent:C:\Program Files\JetBrains\IntelliJ IDEA Community Edition 2022.2.3\lib\idea_rt.jar=50894:C:\Program Files\JetBrains\IntelliJ IDEA Community Edition 2022.2.3\bin
06-Nov-2024 10:58:03.846 INFO [main] org.apache.catalina.startup.VersionLoggerListener.log Command line argument: -Dfile.encoding=UTF-8
06-Nov-2024 10:58:03.856 INFO [main] org.apache.catalina.core.AprLifecycleListener.lifecycleEvent Loaded Apache Tomcat Native library [1.3.1] using APR version [1.7.4].
06-Nov-2024 10:58:03.856 INFO [main] org.apache.catalina.core.AprLifecycleListener.lifecycleEvent APR capabilities: IPv6 [true], sendfile [true], accept filters [false], random [true], UDS [true].
06-Nov-2024 10:58:03.858 INFO [main] org.apache.catalina.core.AprLifecycleListener.lifecycleEvent APR/OpenSSL configuration: useAprConnector [false], useOpenSSL [true]
06-Nov-2024 10:58:03.882 INFO [main] org.apache.catalina.core.AprLifecycleListener.initializeSSL OpenSSL successfully initialized [OpenSSL 3.0.14 4 Jun 2024]
06-Nov-2024 10:58:04.413 INFO [main] org.apache.coyote.AbstractProtocol.init Initializing ProtocolHandler ["http-nio-8080"]
06-Nov-2024 10:58:04.457 INFO [main] org.apache.catalina.startup.Catalina.load Server initialization in [980] milliseconds
06-Nov-2024 10:58:04.527 INFO [main] org.apache.catalina.core.StandardService.startInternal Starting service [Catalina]
06-Nov-2024 10:58:04.527 INFO [main] org.apache.catalina.core.StandardEngine.startInternal Starting Servlet engine: [Apache Tomcat/9.0.96]
06-Nov-2024 10:58:04.541 INFO [main] org.apache.catalina.startup.HostConfig.deployDescriptor Deploying deployment descriptor [C:\Desktop\yt\servlet_and_jsp\RegistrationForm-05\conf\Catalina\localhost\RegistrationForm-05.xml]
06-Nov-2024 10:58:05.011 INFO [main] org.apache.catalina.startup.HostConfig.deployDescriptor Deployment of deployment descriptor [C:\Desktop\yt\servlet_and_jsp\RegistrationForm-05\conf\Catalina\localhost\RegistrationForm-05.xml] has finished in [470] ms
06-Nov-2024 10:58:05.016 INFO [main] org.apache.coyote.AbstractProtocol.start Starting ProtocolHandler ["http-nio-8080"]
06-Nov-2024 10:58:05.076 INFO [main] org.apache.catalina.startup.Catalina.start Server startup in [617] milliseconds
06-Nov-2024 10:58:21.253 INFO [Thread-1] org.apache.coyote.AbstractProtocol.pause Pausing ProtocolHandler ["http-nio-8080"]
06-Nov-2024 10:58:21.332 INFO [Thread-1] org.apache.catalina.core.StandardService.stopInternal Stopping service [Catalina]
06-Nov-2024 10:58:21.371 INFO [Thread-1] org.apache.coyote.AbstractProtocol.stop Stopping ProtocolHandler ["http-nio-8080"]
06-Nov-2024 10:58:21.385 INFO [Thread-1] org.apache.coyote.AbstractProtocol.destroy Destroying ProtocolHandler ["http-nio-8080"]
06-Nov-2024 11:01:25.655 INFO [main] org.apache.catalina.startup.VersionLoggerListener.log Server version name:   Apache Tomcat/9.0.96
06-Nov-2024 11:01:25.664 INFO [main] org.apache.catalina.startup.VersionLoggerListener.log Server built:          Oct 3 2024 19:44:30 UTC
06-Nov-2024 11:01:25.664 INFO [main] org.apache.catalina.startup.VersionLoggerListener.log Server version number: 9.0.96.0
06-Nov-2024 11:01:25.664 INFO [main] org.apache.catalina.startup.VersionLoggerListener.log OS Name:               Windows 11
06-Nov-2024 11:01:25.664 INFO [main] org.apache.catalina.startup.VersionLoggerListener.log OS Version:            10.0
06-Nov-2024 11:01:25.664 INFO [main] org.apache.catalina.startup.VersionLoggerListener.log Architecture:          amd64
06-Nov-2024 11:01:25.664 INFO [main] org.apache.catalina.startup.VersionLoggerListener.log Java Home:             C:\Program Files\Amazon Corretto\jdk17.0.5_8
06-Nov-2024 11:01:25.665 INFO [main] org.apache.catalina.startup.VersionLoggerListener.log JVM Version:           17.0.5+8-LTS
06-Nov-2024 11:01:25.672 INFO [main] org.apache.catalina.startup.VersionLoggerListener.log JVM Vendor:            Amazon.com Inc.
06-Nov-2024 11:01:25.672 INFO [main] org.apache.catalina.startup.VersionLoggerListener.log CATALINA_BASE:         C:\Desktop\yt\servlet_and_jsp\RegistrationForm-05
06-Nov-2024 11:01:25.672 INFO [main] org.apache.catalina.startup.VersionLoggerListener.log CATALINA_HOME:         C:\Users\Omkumar Tyagi\Downloads\apache-tomcat-9.0.96-windows-x64\apache-tomcat-9.0.96
06-Nov-2024 11:01:25.700 INFO [main] org.apache.catalina.startup.VersionLoggerListener.log Command line argument: --add-opens=java.base/java.lang=ALL-UNNAMED
06-Nov-2024 11:01:25.701 INFO [main] org.apache.catalina.startup.VersionLoggerListener.log Command line argument: --add-opens=java.base/java.io=ALL-UNNAMED
06-Nov-2024 11:01:25.701 INFO [main] org.apache.catalina.startup.VersionLoggerListener.log Command line argument: --add-opens=java.base/java.util=ALL-UNNAMED
06-Nov-2024 11:01:25.701 INFO [main] org.apache.catalina.startup.VersionLoggerListener.log Command line argument: --add-opens=java.base/java.util.concurrent=ALL-UNNAMED
06-Nov-2024 11:01:25.701 INFO [main] org.apache.catalina.startup.VersionLoggerListener.log Command line argument: --add-opens=java.rmi/sun.rmi.transport=ALL-UNNAMED
06-Nov-2024 11:01:25.701 INFO [main] org.apache.catalina.startup.VersionLoggerListener.log Command line argument: -Dcatalina.home=C:\Users\Omkumar Tyagi\Downloads\apache-tomcat-9.0.96-windows-x64\apache-tomcat-9.0.96
06-Nov-2024 11:01:25.702 INFO [main] org.apache.catalina.startup.VersionLoggerListener.log Command line argument: -Dcatalina.base=C:\Desktop\yt\servlet_and_jsp\RegistrationForm-05
06-Nov-2024 11:01:25.703 INFO [main] org.apache.catalina.startup.VersionLoggerListener.log Command line argument: -Djava.io.tmpdir=C:\Desktop\yt\servlet_and_jsp\RegistrationForm-05\temp
06-Nov-2024 11:01:25.703 INFO [main] org.apache.catalina.startup.VersionLoggerListener.log Command line argument: -Djava.util.logging.config.file=C:\Desktop\yt\servlet_and_jsp\RegistrationForm-05\conf\logging.properties
06-Nov-2024 11:01:25.703 INFO [main] org.apache.catalina.startup.VersionLoggerListener.log Command line argument: -Djava.util.logging.manager=org.apache.juli.ClassLoaderLogManager
06-Nov-2024 11:01:25.703 INFO [main] org.apache.catalina.startup.VersionLoggerListener.log Command line argument: -javaagent:C:\Program Files\JetBrains\IntelliJ IDEA Community Edition 2022.2.3\lib\idea_rt.jar=52995:C:\Program Files\JetBrains\IntelliJ IDEA Community Edition 2022.2.3\bin
06-Nov-2024 11:01:25.704 INFO [main] org.apache.catalina.startup.VersionLoggerListener.log Command line argument: -Dfile.encoding=UTF-8
06-Nov-2024 11:01:25.717 INFO [main] org.apache.catalina.core.AprLifecycleListener.lifecycleEvent Loaded Apache Tomcat Native library [1.3.1] using APR version [1.7.4].
06-Nov-2024 11:01:25.718 INFO [main] org.apache.catalina.core.AprLifecycleListener.lifecycleEvent APR capabilities: IPv6 [true], sendfile [true], accept filters [false], random [true], UDS [true].
06-Nov-2024 11:01:25.718 INFO [main] org.apache.catalina.core.AprLifecycleListener.lifecycleEvent APR/OpenSSL configuration: useAprConnector [false], useOpenSSL [true]
06-Nov-2024 11:01:25.764 INFO [main] org.apache.catalina.core.AprLifecycleListener.initializeSSL OpenSSL successfully initialized [OpenSSL 3.0.14 4 Jun 2024]
06-Nov-2024 11:01:26.345 INFO [main] org.apache.coyote.AbstractProtocol.init Initializing ProtocolHandler ["http-nio-8080"]
06-Nov-2024 11:01:26.388 INFO [main] org.apache.catalina.startup.Catalina.load Server initialization in [1135] milliseconds
06-Nov-2024 11:01:26.447 INFO [main] org.apache.catalina.core.StandardService.startInternal Starting service [Catalina]
06-Nov-2024 11:01:26.447 INFO [main] org.apache.catalina.core.StandardEngine.startInternal Starting Servlet engine: [Apache Tomcat/9.0.96]
06-Nov-2024 11:01:26.457 INFO [main] org.apache.catalina.startup.HostConfig.deployDescriptor Deploying deployment descriptor [C:\Desktop\yt\servlet_and_jsp\RegistrationForm-05\conf\Catalina\localhost\RegistrationForm-05.xml]
06-Nov-2024 11:01:26.977 INFO [main] org.apache.catalina.startup.HostConfig.deployDescriptor Deployment of deployment descriptor [C:\Desktop\yt\servlet_and_jsp\RegistrationForm-05\conf\Catalina\localhost\RegistrationForm-05.xml] has finished in [520] ms
06-Nov-2024 11:01:26.981 INFO [main] org.apache.coyote.AbstractProtocol.start Starting ProtocolHandler ["http-nio-8080"]
06-Nov-2024 11:01:27.028 INFO [main] org.apache.catalina.startup.Catalina.start Server startup in [639] milliseconds
06-Nov-2024 21:31:40.677 INFO [Thread-1] org.apache.coyote.AbstractProtocol.pause Pausing ProtocolHandler ["http-nio-8080"]
06-Nov-2024 21:31:40.733 INFO [Thread-1] org.apache.catalina.core.StandardService.stopInternal Stopping service [Catalina]
06-Nov-2024 21:31:40.774 INFO [Thread-1] org.apache.coyote.AbstractProtocol.stop Stopping ProtocolHandler ["http-nio-8080"]
06-Nov-2024 21:31:40.792 INFO [Thread-1] org.apache.coyote.AbstractProtocol.destroy Destroying ProtocolHandler ["http-nio-8080"]
06-Nov-2024 21:32:39.106 INFO [main] org.apache.catalina.startup.VersionLoggerListener.log Server version name:   Apache Tomcat/9.0.96
06-Nov-2024 21:32:39.112 INFO [main] org.apache.catalina.startup.VersionLoggerListener.log Server built:          Oct 3 2024 19:44:30 UTC
06-Nov-2024 21:32:39.113 INFO [main] org.apache.catalina.startup.VersionLoggerListener.log Server version number: 9.0.96.0
06-Nov-2024 21:32:39.113 INFO [main] org.apache.catalina.startup.VersionLoggerListener.log OS Name:               Windows 11
06-Nov-2024 21:32:39.113 INFO [main] org.apache.catalina.startup.VersionLoggerListener.log OS Version:            10.0
06-Nov-2024 21:32:39.113 INFO [main] org.apache.catalina.startup.VersionLoggerListener.log Architecture:          amd64
06-Nov-2024 21:32:39.113 INFO [main] org.apache.catalina.startup.VersionLoggerListener.log Java Home:             C:\Program Files\Amazon Corretto\jdk17.0.5_8
06-Nov-2024 21:32:39.114 INFO [main] org.apache.catalina.startup.VersionLoggerListener.log JVM Version:           17.0.5+8-LTS
06-Nov-2024 21:32:39.114 INFO [main] org.apache.catalina.startup.VersionLoggerListener.log JVM Vendor:            Amazon.com Inc.
06-Nov-2024 21:32:39.114 INFO [main] org.apache.catalina.startup.VersionLoggerListener.log CATALINA_BASE:         C:\Desktop\yt\servlet_and_jsp\RegistrationForm-05
06-Nov-2024 21:32:39.114 INFO [main] org.apache.catalina.startup.VersionLoggerListener.log CATALINA_HOME:         C:\Users\Omkumar Tyagi\Downloads\apache-tomcat-9.0.96-windows-x64\apache-tomcat-9.0.96
06-Nov-2024 21:32:39.129 INFO [main] org.apache.catalina.startup.VersionLoggerListener.log Command line argument: --add-opens=java.base/java.lang=ALL-UNNAMED
06-Nov-2024 21:32:39.130 INFO [main] org.apache.catalina.startup.VersionLoggerListener.log Command line argument: --add-opens=java.base/java.io=ALL-UNNAMED
06-Nov-2024 21:32:39.130 INFO [main] org.apache.catalina.startup.VersionLoggerListener.log Command line argument: --add-opens=java.base/java.util=ALL-UNNAMED
06-Nov-2024 21:32:39.130 INFO [main] org.apache.catalina.startup.VersionLoggerListener.log Command line argument: --add-opens=java.base/java.util.concurrent=ALL-UNNAMED
06-Nov-2024 21:32:39.130 INFO [main] org.apache.catalina.startup.VersionLoggerListener.log Command line argument: --add-opens=java.rmi/sun.rmi.transport=ALL-UNNAMED
06-Nov-2024 21:32:39.130 INFO [main] org.apache.catalina.startup.VersionLoggerListener.log Command line argument: -Dcatalina.home=C:\Users\Omkumar Tyagi\Downloads\apache-tomcat-9.0.96-windows-x64\apache-tomcat-9.0.96
06-Nov-2024 21:32:39.130 INFO [main] org.apache.catalina.startup.VersionLoggerListener.log Command line argument: -Dcatalina.base=C:\Desktop\yt\servlet_and_jsp\RegistrationForm-05
06-Nov-2024 21:32:39.130 INFO [main] org.apache.catalina.startup.VersionLoggerListener.log Command line argument: -Djava.io.tmpdir=C:\Desktop\yt\servlet_and_jsp\RegistrationForm-05\temp
06-Nov-2024 21:32:39.131 INFO [main] org.apache.catalina.startup.VersionLoggerListener.log Command line argument: -Djava.util.logging.config.file=C:\Desktop\yt\servlet_and_jsp\RegistrationForm-05\conf\logging.properties
06-Nov-2024 21:32:39.131 INFO [main] org.apache.catalina.startup.VersionLoggerListener.log Command line argument: -Djava.util.logging.manager=org.apache.juli.ClassLoaderLogManager
06-Nov-2024 21:32:39.131 INFO [main] org.apache.catalina.startup.VersionLoggerListener.log Command line argument: -javaagent:C:\Program Files\JetBrains\IntelliJ IDEA Community Edition 2022.2.3\lib\idea_rt.jar=61260:C:\Program Files\JetBrains\IntelliJ IDEA Community Edition 2022.2.3\bin
06-Nov-2024 21:32:39.131 INFO [main] org.apache.catalina.startup.VersionLoggerListener.log Command line argument: -Dfile.encoding=UTF-8
06-Nov-2024 21:32:39.138 INFO [main] org.apache.catalina.core.AprLifecycleListener.lifecycleEvent Loaded Apache Tomcat Native library [1.3.1] using APR version [1.7.4].
06-Nov-2024 21:32:39.138 INFO [main] org.apache.catalina.core.AprLifecycleListener.lifecycleEvent APR capabilities: IPv6 [true], sendfile [true], accept filters [false], random [true], UDS [true].
06-Nov-2024 21:32:39.138 INFO [main] org.apache.catalina.core.AprLifecycleListener.lifecycleEvent APR/OpenSSL configuration: useAprConnector [false], useOpenSSL [true]
06-Nov-2024 21:32:39.160 INFO [main] org.apache.catalina.core.AprLifecycleListener.initializeSSL OpenSSL successfully initialized [OpenSSL 3.0.14 4 Jun 2024]
06-Nov-2024 21:32:39.714 INFO [main] org.apache.coyote.AbstractProtocol.init Initializing ProtocolHandler ["http-nio-8080"]
06-Nov-2024 21:32:39.772 INFO [main] org.apache.catalina.startup.Catalina.load Server initialization in [976] milliseconds
06-Nov-2024 21:32:39.844 INFO [main] org.apache.catalina.core.StandardService.startInternal Starting service [Catalina]
06-Nov-2024 21:32:39.845 INFO [main] org.apache.catalina.core.StandardEngine.startInternal Starting Servlet engine: [Apache Tomcat/9.0.96]
06-Nov-2024 21:32:39.857 INFO [main] org.apache.catalina.startup.HostConfig.deployDescriptor Deploying deployment descriptor [C:\Desktop\yt\servlet_and_jsp\RegistrationForm-05\conf\Catalina\localhost\RegistrationForm-05.xml]
06-Nov-2024 21:32:40.274 INFO [main] org.apache.catalina.startup.HostConfig.deployDescriptor Deployment of deployment descriptor [C:\Desktop\yt\servlet_and_jsp\RegistrationForm-05\conf\Catalina\localhost\RegistrationForm-05.xml] has finished in [416] ms
06-Nov-2024 21:32:40.279 INFO [main] org.apache.coyote.AbstractProtocol.start Starting ProtocolHandler ["http-nio-8080"]
06-Nov-2024 21:32:40.335 INFO [main] org.apache.catalina.startup.Catalina.start Server startup in [563] milliseconds
06-Nov-2024 21:43:07.375 INFO [Thread-1] org.apache.coyote.AbstractProtocol.pause Pausing ProtocolHandler ["http-nio-8080"]
06-Nov-2024 21:43:07.439 INFO [Thread-1] org.apache.catalina.core.StandardService.stopInternal Stopping service [Catalina]
06-Nov-2024 21:43:07.508 INFO [Thread-1] org.apache.coyote.AbstractProtocol.stop Stopping ProtocolHandler ["http-nio-8080"]
06-Nov-2024 21:43:07.521 INFO [Thread-1] org.apache.coyote.AbstractProtocol.destroy Destroying ProtocolHandler ["http-nio-8080"]
06-Nov-2024 21:43:10.943 INFO [main] org.apache.catalina.startup.VersionLoggerListener.log Server version name:   Apache Tomcat/9.0.96
06-Nov-2024 21:43:10.949 INFO [main] org.apache.catalina.startup.VersionLoggerListener.log Server built:          Oct 3 2024 19:44:30 UTC
06-Nov-2024 21:43:10.949 INFO [main] org.apache.catalina.startup.VersionLoggerListener.log Server version number: 9.0.96.0
06-Nov-2024 21:43:10.949 INFO [main] org.apache.catalina.startup.VersionLoggerListener.log OS Name:               Windows 11
06-Nov-2024 21:43:10.949 INFO [main] org.apache.catalina.startup.VersionLoggerListener.log OS Version:            10.0
06-Nov-2024 21:43:10.949 INFO [main] org.apache.catalina.startup.VersionLoggerListener.log Architecture:          amd64
06-Nov-2024 21:43:10.950 INFO [main] org.apache.catalina.startup.VersionLoggerListener.log Java Home:             C:\Program Files\Amazon Corretto\jdk17.0.5_8
06-Nov-2024 21:43:10.950 INFO [main] org.apache.catalina.startup.VersionLoggerListener.log JVM Version:           17.0.5+8-LTS
06-Nov-2024 21:43:10.950 INFO [main] org.apache.catalina.startup.VersionLoggerListener.log JVM Vendor:            Amazon.com Inc.
06-Nov-2024 21:43:10.950 INFO [main] org.apache.catalina.startup.VersionLoggerListener.log CATALINA_BASE:         C:\Desktop\yt\servlet_and_jsp\RegistrationForm-05
06-Nov-2024 21:43:10.950 INFO [main] org.apache.catalina.startup.VersionLoggerListener.log CATALINA_HOME:         C:\Users\Omkumar Tyagi\Downloads\apache-tomcat-9.0.96-windows-x64\apache-tomcat-9.0.96
06-Nov-2024 21:43:10.963 INFO [main] org.apache.catalina.startup.VersionLoggerListener.log Command line argument: --add-opens=java.base/java.lang=ALL-UNNAMED
06-Nov-2024 21:43:10.964 INFO [main] org.apache.catalina.startup.VersionLoggerListener.log Command line argument: --add-opens=java.base/java.io=ALL-UNNAMED
06-Nov-2024 21:43:10.965 INFO [main] org.apache.catalina.startup.VersionLoggerListener.log Command line argument: --add-opens=java.base/java.util=ALL-UNNAMED
06-Nov-2024 21:43:10.965 INFO [main] org.apache.catalina.startup.VersionLoggerListener.log Command line argument: --add-opens=java.base/java.util.concurrent=ALL-UNNAMED
06-Nov-2024 21:43:10.965 INFO [main] org.apache.catalina.startup.VersionLoggerListener.log Command line argument: --add-opens=java.rmi/sun.rmi.transport=ALL-UNNAMED
06-Nov-2024 21:43:10.965 INFO [main] org.apache.catalina.startup.VersionLoggerListener.log Command line argument: -Dcatalina.home=C:\Users\Omkumar Tyagi\Downloads\apache-tomcat-9.0.96-windows-x64\apache-tomcat-9.0.96
06-Nov-2024 21:43:10.965 INFO [main] org.apache.catalina.startup.VersionLoggerListener.log Command line argument: -Dcatalina.base=C:\Desktop\yt\servlet_and_jsp\RegistrationForm-05
06-Nov-2024 21:43:10.965 INFO [main] org.apache.catalina.startup.VersionLoggerListener.log Command line argument: -Djava.io.tmpdir=C:\Desktop\yt\servlet_and_jsp\RegistrationForm-05\temp
06-Nov-2024 21:43:10.965 INFO [main] org.apache.catalina.startup.VersionLoggerListener.log Command line argument: -Djava.util.logging.config.file=C:\Desktop\yt\servlet_and_jsp\RegistrationForm-05\conf\logging.properties
06-Nov-2024 21:43:10.965 INFO [main] org.apache.catalina.startup.VersionLoggerListener.log Command line argument: -Djava.util.logging.manager=org.apache.juli.ClassLoaderLogManager
06-Nov-2024 21:43:10.966 INFO [main] org.apache.catalina.startup.VersionLoggerListener.log Command line argument: -javaagent:C:\Program Files\JetBrains\IntelliJ IDEA Community Edition 2022.2.3\lib\idea_rt.jar=52273:C:\Program Files\JetBrains\IntelliJ IDEA Community Edition 2022.2.3\bin
06-Nov-2024 21:43:10.966 INFO [main] org.apache.catalina.startup.VersionLoggerListener.log Command line argument: -Dfile.encoding=UTF-8
06-Nov-2024 21:43:10.972 INFO [main] org.apache.catalina.core.AprLifecycleListener.lifecycleEvent Loaded Apache Tomcat Native library [1.3.1] using APR version [1.7.4].
06-Nov-2024 21:43:10.973 INFO [main] org.apache.catalina.core.AprLifecycleListener.lifecycleEvent APR capabilities: IPv6 [true], sendfile [true], accept filters [false], random [true], UDS [true].
06-Nov-2024 21:43:10.973 INFO [main] org.apache.catalina.core.AprLifecycleListener.lifecycleEvent APR/OpenSSL configuration: useAprConnector [false], useOpenSSL [true]
06-Nov-2024 21:43:10.980 INFO [main] org.apache.catalina.core.AprLifecycleListener.initializeSSL OpenSSL successfully initialized [OpenSSL 3.0.14 4 Jun 2024]
06-Nov-2024 21:43:11.339 INFO [main] org.apache.coyote.AbstractProtocol.init Initializing ProtocolHandler ["http-nio-8080"]
06-Nov-2024 21:43:11.371 INFO [main] org.apache.catalina.startup.Catalina.load Server initialization in [726] milliseconds
06-Nov-2024 21:43:11.425 INFO [main] org.apache.catalina.core.StandardService.startInternal Starting service [Catalina]
06-Nov-2024 21:43:11.426 INFO [main] org.apache.catalina.core.StandardEngine.startInternal Starting Servlet engine: [Apache Tomcat/9.0.96]
06-Nov-2024 21:43:11.436 INFO [main] org.apache.catalina.startup.HostConfig.deployDescriptor Deploying deployment descriptor [C:\Desktop\yt\servlet_and_jsp\RegistrationForm-05\conf\Catalina\localhost\RegistrationForm-05.xml]
06-Nov-2024 21:43:11.900 INFO [main] org.apache.catalina.startup.HostConfig.deployDescriptor Deployment of deployment descriptor [C:\Desktop\yt\servlet_and_jsp\RegistrationForm-05\conf\Catalina\localhost\RegistrationForm-05.xml] has finished in [464] ms
06-Nov-2024 21:43:11.905 INFO [main] org.apache.coyote.AbstractProtocol.start Starting ProtocolHandler ["http-nio-8080"]
06-Nov-2024 21:43:11.953 INFO [main] org.apache.catalina.startup.Catalina.start Server startup in [581] milliseconds
06-Nov-2024 22:18:59.418 INFO [Thread-1] org.apache.coyote.AbstractProtocol.pause Pausing ProtocolHandler ["http-nio-8080"]
06-Nov-2024 22:18:59.467 INFO [Thread-1] org.apache.catalina.core.StandardService.stopInternal Stopping service [Catalina]
06-Nov-2024 22:18:59.506 INFO [Thread-1] org.apache.coyote.AbstractProtocol.stop Stopping ProtocolHandler ["http-nio-8080"]
06-Nov-2024 22:18:59.515 INFO [Thread-1] org.apache.coyote.AbstractProtocol.destroy Destroying ProtocolHandler ["http-nio-8080"]
