27-Oct-2024 20:30:16.218 INFO [main] org.apache.catalina.startup.VersionLoggerListener.log Server version name:   Apache Tomcat/9.0.96
27-Oct-2024 20:30:16.221 INFO [main] org.apache.catalina.startup.VersionLoggerListener.log Server built:          Oct 3 2024 19:44:30 UTC
27-Oct-2024 20:30:16.222 INFO [main] org.apache.catalina.startup.VersionLoggerListener.log Server version number: 9.0.96.0
27-Oct-2024 20:30:16.222 INFO [main] org.apache.catalina.startup.VersionLoggerListener.log OS Name:               Windows 11
27-Oct-2024 20:30:16.222 INFO [main] org.apache.catalina.startup.VersionLoggerListener.log OS Version:            10.0
27-Oct-2024 20:30:16.222 INFO [main] org.apache.catalina.startup.VersionLoggerListener.log Architecture:          amd64
27-Oct-2024 20:30:16.222 INFO [main] org.apache.catalina.startup.VersionLoggerListener.log Java Home:             C:\Program Files\Amazon Corretto\jdk17.0.5_8
27-Oct-2024 20:30:16.222 INFO [main] org.apache.catalina.startup.VersionLoggerListener.log JVM Version:           17.0.5+8-LTS
27-Oct-2024 20:30:16.223 INFO [main] org.apache.catalina.startup.VersionLoggerListener.log JVM Vendor:            Amazon.com Inc.
27-Oct-2024 20:30:16.223 INFO [main] org.apache.catalina.startup.VersionLoggerListener.log CATALINA_BASE:         C:\Desktop\yt\servlet_and_jsp\TomcatConfigure
27-Oct-2024 20:30:16.223 INFO [main] org.apache.catalina.startup.VersionLoggerListener.log CATALINA_HOME:         C:\Users\Omkumar Tyagi\Downloads\apache-tomcat-9.0.96-windows-x64\apache-tomcat-9.0.96
27-Oct-2024 20:30:16.233 INFO [main] org.apache.catalina.startup.VersionLoggerListener.log Command line argument: --add-opens=java.base/java.lang=ALL-UNNAMED
27-Oct-2024 20:30:16.233 INFO [main] org.apache.catalina.startup.VersionLoggerListener.log Command line argument: --add-opens=java.base/java.io=ALL-UNNAMED
27-Oct-2024 20:30:16.233 INFO [main] org.apache.catalina.startup.VersionLoggerListener.log Command line argument: --add-opens=java.base/java.util=ALL-UNNAMED
27-Oct-2024 20:30:16.234 INFO [main] org.apache.catalina.startup.VersionLoggerListener.log Command line argument: --add-opens=java.base/java.util.concurrent=ALL-UNNAMED
27-Oct-2024 20:30:16.234 INFO [main] org.apache.catalina.startup.VersionLoggerListener.log Command line argument: --add-opens=java.rmi/sun.rmi.transport=ALL-UNNAMED
27-Oct-2024 20:30:16.234 INFO [main] org.apache.catalina.startup.VersionLoggerListener.log Command line argument: -Dcatalina.home=C:\Users\Omkumar Tyagi\Downloads\apache-tomcat-9.0.96-windows-x64\apache-tomcat-9.0.96
27-Oct-2024 20:30:16.234 INFO [main] org.apache.catalina.startup.VersionLoggerListener.log Command line argument: -Dcatalina.base=C:\Desktop\yt\servlet_and_jsp\TomcatConfigure
27-Oct-2024 20:30:16.234 INFO [main] org.apache.catalina.startup.VersionLoggerListener.log Command line argument: -Djava.io.tmpdir=C:\Desktop\yt\servlet_and_jsp\TomcatConfigure\temp
27-Oct-2024 20:30:16.234 INFO [main] org.apache.catalina.startup.VersionLoggerListener.log Command line argument: -Djava.util.logging.config.file=C:\Desktop\yt\servlet_and_jsp\TomcatConfigure\conf\logging.properties
27-Oct-2024 20:30:16.234 INFO [main] org.apache.catalina.startup.VersionLoggerListener.log Command line argument: -Djava.util.logging.manager=org.apache.juli.ClassLoaderLogManager
27-Oct-2024 20:30:16.234 INFO [main] org.apache.catalina.startup.VersionLoggerListener.log Command line argument: -javaagent:C:\Program Files\JetBrains\IntelliJ IDEA Community Edition 2022.2.3\lib\idea_rt.jar=62200:C:\Program Files\JetBrains\IntelliJ IDEA Community Edition 2022.2.3\bin
27-Oct-2024 20:30:16.234 INFO [main] org.apache.catalina.startup.VersionLoggerListener.log Command line argument: -Dfile.encoding=UTF-8
27-Oct-2024 20:30:16.243 INFO [main] org.apache.catalina.core.AprLifecycleListener.lifecycleEvent Loaded Apache Tomcat Native library [1.3.1] using APR version [1.7.4].
27-Oct-2024 20:30:16.244 INFO [main] org.apache.catalina.core.AprLifecycleListener.lifecycleEvent APR capabilities: IPv6 [true], sendfile [true], accept filters [false], random [true], UDS [true].
27-Oct-2024 20:30:16.244 INFO [main] org.apache.catalina.core.AprLifecycleListener.lifecycleEvent APR/OpenSSL configuration: useAprConnector [false], useOpenSSL [true]
27-Oct-2024 20:30:16.267 INFO [main] org.apache.catalina.core.AprLifecycleListener.initializeSSL OpenSSL successfully initialized [OpenSSL 3.0.14 4 Jun 2024]
27-Oct-2024 20:30:16.756 INFO [main] org.apache.coyote.AbstractProtocol.init Initializing ProtocolHandler ["http-nio-8080"]
27-Oct-2024 20:30:16.789 INFO [main] org.apache.catalina.startup.Catalina.load Server initialization in [904] milliseconds
27-Oct-2024 20:30:16.849 INFO [main] org.apache.catalina.core.StandardService.startInternal Starting service [Catalina]
27-Oct-2024 20:30:16.850 INFO [main] org.apache.catalina.core.StandardEngine.startInternal Starting Servlet engine: [Apache Tomcat/9.0.96]
27-Oct-2024 20:30:16.860 INFO [main] org.apache.catalina.startup.HostConfig.deployDescriptor Deploying deployment descriptor [C:\Desktop\yt\servlet_and_jsp\TomcatConfigure\conf\Catalina\localhost\TomcatConfigure.xml]
27-Oct-2024 20:30:17.311 INFO [main] org.apache.catalina.startup.HostConfig.deployDescriptor Deployment of deployment descriptor [C:\Desktop\yt\servlet_and_jsp\TomcatConfigure\conf\Catalina\localhost\TomcatConfigure.xml] has finished in [450] ms
27-Oct-2024 20:30:17.317 INFO [main] org.apache.coyote.AbstractProtocol.start Starting ProtocolHandler ["http-nio-8080"]
27-Oct-2024 20:30:17.365 INFO [main] org.apache.catalina.startup.Catalina.start Server startup in [575] milliseconds
27-Oct-2024 20:31:07.804 INFO [Thread-1] org.apache.coyote.AbstractProtocol.pause Pausing ProtocolHandler ["http-nio-8080"]
27-Oct-2024 20:31:07.906 INFO [Thread-1] org.apache.catalina.core.StandardService.stopInternal Stopping service [Catalina]
27-Oct-2024 20:31:07.951 INFO [Thread-1] org.apache.coyote.AbstractProtocol.stop Stopping ProtocolHandler ["http-nio-8080"]
27-Oct-2024 20:31:07.961 INFO [Thread-1] org.apache.coyote.AbstractProtocol.destroy Destroying ProtocolHandler ["http-nio-8080"]
