28-Oct-2024 14:50:46.390 INFO [main] org.apache.catalina.startup.VersionLoggerListener.log Server version name:   Apache Tomcat/9.0.96
28-Oct-2024 14:50:46.394 INFO [main] org.apache.catalina.startup.VersionLoggerListener.log Server built:          Oct 3 2024 19:44:30 UTC
28-Oct-2024 14:50:46.394 INFO [main] org.apache.catalina.startup.VersionLoggerListener.log Server version number: 9.0.96.0
28-Oct-2024 14:50:46.394 INFO [main] org.apache.catalina.startup.VersionLoggerListener.log OS Name:               Windows 11
28-Oct-2024 14:50:46.394 INFO [main] org.apache.catalina.startup.VersionLoggerListener.log OS Version:            10.0
28-Oct-2024 14:50:46.394 INFO [main] org.apache.catalina.startup.VersionLoggerListener.log Architecture:          amd64
28-Oct-2024 14:50:46.394 INFO [main] org.apache.catalina.startup.VersionLoggerListener.log Java Home:             C:\Program Files\Amazon Corretto\jdk17.0.5_8
28-Oct-2024 14:50:46.394 INFO [main] org.apache.catalina.startup.VersionLoggerListener.log JVM Version:           17.0.5+8-LTS
28-Oct-2024 14:50:46.394 INFO [main] org.apache.catalina.startup.VersionLoggerListener.log JVM Vendor:            Amazon.com Inc.
28-Oct-2024 14:50:46.395 INFO [main] org.apache.catalina.startup.VersionLoggerListener.log CATALINA_BASE:         C:\Desktop\yt\servlet_and_jsp\CreatingForm-02
28-Oct-2024 14:50:46.395 INFO [main] org.apache.catalina.startup.VersionLoggerListener.log CATALINA_HOME:         C:\Users\Omkumar Tyagi\Downloads\apache-tomcat-9.0.96-windows-x64\apache-tomcat-9.0.96
28-Oct-2024 14:50:46.412 INFO [main] org.apache.catalina.startup.VersionLoggerListener.log Command line argument: --add-opens=java.base/java.lang=ALL-UNNAMED
28-Oct-2024 14:50:46.413 INFO [main] org.apache.catalina.startup.VersionLoggerListener.log Command line argument: --add-opens=java.base/java.io=ALL-UNNAMED
28-Oct-2024 14:50:46.413 INFO [main] org.apache.catalina.startup.VersionLoggerListener.log Command line argument: --add-opens=java.base/java.util=ALL-UNNAMED
28-Oct-2024 14:50:46.414 INFO [main] org.apache.catalina.startup.VersionLoggerListener.log Command line argument: --add-opens=java.base/java.util.concurrent=ALL-UNNAMED
28-Oct-2024 14:50:46.414 INFO [main] org.apache.catalina.startup.VersionLoggerListener.log Command line argument: --add-opens=java.rmi/sun.rmi.transport=ALL-UNNAMED
28-Oct-2024 14:50:46.414 INFO [main] org.apache.catalina.startup.VersionLoggerListener.log Command line argument: -Dcatalina.home=C:\Users\Omkumar Tyagi\Downloads\apache-tomcat-9.0.96-windows-x64\apache-tomcat-9.0.96
28-Oct-2024 14:50:46.415 INFO [main] org.apache.catalina.startup.VersionLoggerListener.log Command line argument: -Dcatalina.base=C:\Desktop\yt\servlet_and_jsp\CreatingForm-02
28-Oct-2024 14:50:46.415 INFO [main] org.apache.catalina.startup.VersionLoggerListener.log Command line argument: -Djava.io.tmpdir=C:\Desktop\yt\servlet_and_jsp\CreatingForm-02\temp
28-Oct-2024 14:50:46.415 INFO [main] org.apache.catalina.startup.VersionLoggerListener.log Command line argument: -Djava.util.logging.config.file=C:\Desktop\yt\servlet_and_jsp\CreatingForm-02\conf\logging.properties
28-Oct-2024 14:50:46.415 INFO [main] org.apache.catalina.startup.VersionLoggerListener.log Command line argument: -Djava.util.logging.manager=org.apache.juli.ClassLoaderLogManager
28-Oct-2024 14:50:46.415 INFO [main] org.apache.catalina.startup.VersionLoggerListener.log Command line argument: -javaagent:C:\Program Files\JetBrains\IntelliJ IDEA Community Edition 2022.2.3\lib\idea_rt.jar=57600:C:\Program Files\JetBrains\IntelliJ IDEA Community Edition 2022.2.3\bin
28-Oct-2024 14:50:46.415 INFO [main] org.apache.catalina.startup.VersionLoggerListener.log Command line argument: -Dfile.encoding=UTF-8
28-Oct-2024 14:50:46.426 INFO [main] org.apache.catalina.core.AprLifecycleListener.lifecycleEvent Loaded Apache Tomcat Native library [1.3.1] using APR version [1.7.4].
28-Oct-2024 14:50:46.426 INFO [main] org.apache.catalina.core.AprLifecycleListener.lifecycleEvent APR capabilities: IPv6 [true], sendfile [true], accept filters [false], random [true], UDS [true].
28-Oct-2024 14:50:46.426 INFO [main] org.apache.catalina.core.AprLifecycleListener.lifecycleEvent APR/OpenSSL configuration: useAprConnector [false], useOpenSSL [true]
28-Oct-2024 14:50:46.462 INFO [main] org.apache.catalina.core.AprLifecycleListener.initializeSSL OpenSSL successfully initialized [OpenSSL 3.0.14 4 Jun 2024]
28-Oct-2024 14:50:47.168 INFO [main] org.apache.coyote.AbstractProtocol.init Initializing ProtocolHandler ["http-nio-8080"]
28-Oct-2024 14:50:47.225 INFO [main] org.apache.catalina.startup.Catalina.load Server initialization in [1169] milliseconds
28-Oct-2024 14:50:47.283 INFO [main] org.apache.catalina.core.StandardService.startInternal Starting service [Catalina]
28-Oct-2024 14:50:47.284 INFO [main] org.apache.catalina.core.StandardEngine.startInternal Starting Servlet engine: [Apache Tomcat/9.0.96]
28-Oct-2024 14:50:47.295 INFO [main] org.apache.catalina.startup.HostConfig.deployDescriptor Deploying deployment descriptor [C:\Desktop\yt\servlet_and_jsp\CreatingForm-02\conf\Catalina\localhost\CreatingForm-02.xml]
28-Oct-2024 14:50:48.040 INFO [main] org.apache.jasper.servlet.TldScanner.scanJars At least one JAR was scanned for TLDs yet contained no TLDs. Enable debug logging for this logger for a complete list of JARs that were scanned but no TLDs were found in them. Skipping unneeded JARs during scanning can improve startup time and JSP compilation time.
28-Oct-2024 14:50:48.193 INFO [main] org.apache.catalina.startup.HostConfig.deployDescriptor Deployment of deployment descriptor [C:\Desktop\yt\servlet_and_jsp\CreatingForm-02\conf\Catalina\localhost\CreatingForm-02.xml] has finished in [897] ms
28-Oct-2024 14:50:48.204 INFO [main] org.apache.coyote.AbstractProtocol.start Starting ProtocolHandler ["http-nio-8080"]
28-Oct-2024 14:50:48.262 INFO [main] org.apache.catalina.startup.Catalina.start Server startup in [1036] milliseconds
28-Oct-2024 14:51:40.919 INFO [Thread-1] org.apache.coyote.AbstractProtocol.pause Pausing ProtocolHandler ["http-nio-8080"]
28-Oct-2024 14:51:40.972 INFO [Thread-1] org.apache.catalina.core.StandardService.stopInternal Stopping service [Catalina]
28-Oct-2024 14:51:40.987 INFO [Thread-1] org.apache.coyote.AbstractProtocol.stop Stopping ProtocolHandler ["http-nio-8080"]
28-Oct-2024 14:51:41.011 INFO [Thread-1] org.apache.coyote.AbstractProtocol.destroy Destroying ProtocolHandler ["http-nio-8080"]
